{"/Users/wbruno/Sites/marceneiro/server/app.js":{"path":"/Users/wbruno/Sites/marceneiro/server/app.js","s":{"1":1,"2":1,"3":1,"4":1,"5":1,"6":1,"7":1,"8":1,"9":1,"10":1,"11":1,"12":1,"13":1,"14":1,"15":1,"16":1,"17":1,"18":1,"19":1,"20":1,"21":1},"b":{"1":[1,1],"2":[1,0]},"f":{},"fnMap":{},"statementMap":{"1":{"start":{"line":3,"column":0},"end":{"line":3,"column":59}},"2":{"start":{"line":5,"column":0},"end":{"line":10,"column":28}},"3":{"start":{"line":12,"column":0},"end":{"line":12,"column":58}},"4":{"start":{"line":15,"column":0},"end":{"line":15,"column":31}},"5":{"start":{"line":16,"column":0},"end":{"line":16,"column":39}},"6":{"start":{"line":18,"column":0},"end":{"line":22,"column":3}},"7":{"start":{"line":24,"column":0},"end":{"line":24,"column":31}},"8":{"start":{"line":25,"column":0},"end":{"line":25,"column":30}},"9":{"start":{"line":26,"column":0},"end":{"line":26,"column":42}},"10":{"start":{"line":28,"column":0},"end":{"line":28,"column":20}},"11":{"start":{"line":29,"column":0},"end":{"line":29,"column":28}},"12":{"start":{"line":32,"column":0},"end":{"line":32,"column":27}},"13":{"start":{"line":33,"column":0},"end":{"line":33,"column":27}},"14":{"start":{"line":34,"column":0},"end":{"line":34,"column":51}},"15":{"start":{"line":37,"column":0},"end":{"line":37,"column":23}},"16":{"start":{"line":39,"column":0},"end":{"line":39,"column":47}},"17":{"start":{"line":40,"column":0},"end":{"line":40,"column":29}},"18":{"start":{"line":43,"column":0},"end":{"line":43,"column":32}},"19":{"start":{"line":44,"column":0},"end":{"line":44,"column":36}},"20":{"start":{"line":47,"column":0},"end":{"line":47,"column":53}},"21":{"start":{"line":48,"column":0},"end":{"line":48,"column":21}}},"branchMap":{"1":{"line":26,"type":"binary-expr","locations":[{"start":{"line":26,"column":16},"end":{"line":26,"column":32}},{"start":{"line":26,"column":36},"end":{"line":26,"column":40}}]},"2":{"line":47,"type":"binary-expr","locations":[{"start":{"line":47,"column":14},"end":{"line":47,"column":34}},{"start":{"line":47,"column":38},"end":{"line":47,"column":51}}]}}},"/Users/wbruno/Sites/marceneiro/server/controller/AppController.js":{"path":"/Users/wbruno/Sites/marceneiro/server/controller/AppController.js","s":{"1":1,"2":1,"3":1,"4":1,"5":1,"6":1,"7":1,"8":1,"9":1},"b":{"1":[1,0]},"f":{"1":1,"2":1},"fnMap":{"1":{"name":"(anonymous_1)","line":6,"loc":{"start":{"line":6,"column":12},"end":{"line":6,"column":46}}},"2":{"name":"(anonymous_2)","line":11,"loc":{"start":{"line":11,"column":16},"end":{"line":11,"column":55}}}},"statementMap":{"1":{"start":{"line":3,"column":0},"end":{"line":3,"column":55}},"2":{"start":{"line":5,"column":0},"end":{"line":20,"column":2}},"3":{"start":{"line":7,"column":4},"end":{"line":7,"column":42}},"4":{"start":{"line":8,"column":4},"end":{"line":8,"column":21}},"5":{"start":{"line":9,"column":4},"end":{"line":9,"column":14}},"6":{"start":{"line":12,"column":4},"end":{"line":12,"column":82}},"7":{"start":{"line":14,"column":4},"end":{"line":16,"column":31}},"8":{"start":{"line":18,"column":4},"end":{"line":18,"column":23}},"9":{"start":{"line":22,"column":0},"end":{"line":22,"column":31}}},"branchMap":{"1":{"line":15,"type":"binary-expr","locations":[{"start":{"line":15,"column":14},"end":{"line":15,"column":24}},{"start":{"line":15,"column":28},"end":{"line":15,"column":31}}]}}},"/Users/wbruno/Sites/marceneiro/server/router/index.js":{"path":"/Users/wbruno/Sites/marceneiro/server/router/index.js","s":{"1":1,"2":1,"3":1,"4":1},"b":{},"f":{},"fnMap":{},"statementMap":{"1":{"start":{"line":3,"column":0},"end":{"line":3,"column":41}},"2":{"start":{"line":4,"column":0},"end":{"line":4,"column":61}},"3":{"start":{"line":6,"column":0},"end":{"line":6,"column":38}},"4":{"start":{"line":8,"column":0},"end":{"line":8,"column":24}}},"branchMap":{}},"/Users/wbruno/Sites/marceneiro/server/controller/MainController.js":{"path":"/Users/wbruno/Sites/marceneiro/server/controller/MainController.js","s":{"1":1,"2":1,"3":1},"b":{},"f":{"1":1},"fnMap":{"1":{"name":"(anonymous_1)","line":5,"loc":{"start":{"line":5,"column":9},"end":{"line":5,"column":43}}}},"statementMap":{"1":{"start":{"line":4,"column":0},"end":{"line":8,"column":2}},"2":{"start":{"line":6,"column":4},"end":{"line":6,"column":93}},"3":{"start":{"line":10,"column":0},"end":{"line":10,"column":32}}},"branchMap":{}}}