TN:
SF:/Users/wbruno/Sites/marceneiro/server/app.js
FNF:0
FNH:0
DA:3,1
DA:5,1
DA:12,1
DA:15,1
DA:16,1
DA:18,1
DA:24,1
DA:25,1
DA:26,1
DA:28,1
DA:29,1
DA:32,1
DA:33,1
DA:34,1
DA:37,1
DA:39,1
DA:40,1
DA:43,1
DA:44,1
DA:47,1
DA:48,1
LF:21
LH:21
BRDA:26,1,0,1
BRDA:26,1,1,1
BRDA:47,2,0,1
BRDA:47,2,1,0
BRF:4
BRH:3
end_of_record
TN:
SF:/Users/wbruno/Sites/marceneiro/server/controller/AppController.js
FN:6,(anonymous_1)
FN:11,(anonymous_2)
FNF:2
FNH:2
FNDA:1,(anonymous_1)
FNDA:1,(anonymous_2)
DA:3,1
DA:5,1
DA:7,1
DA:8,1
DA:9,1
DA:12,1
DA:14,1
DA:18,1
DA:22,1
LF:9
LH:9
BRDA:15,1,0,1
BRDA:15,1,1,0
BRF:2
BRH:1
end_of_record
TN:
SF:/Users/wbruno/Sites/marceneiro/server/router/index.js
FNF:0
FNH:0
DA:3,1
DA:4,1
DA:6,1
DA:8,1
LF:4
LH:4
BRF:0
BRH:0
end_of_record
TN:
SF:/Users/wbruno/Sites/marceneiro/server/controller/MainController.js
FN:5,(anonymous_1)
FNF:1
FNH:1
FNDA:1,(anonymous_1)
DA:4,1
DA:6,1
DA:10,1
LF:3
LH:3
BRF:0
BRH:0
end_of_record
